{
  "RSpec": {
    "coverage": {
      "/Users/thunderwolf/turing/mod2/projects/adopt_dont_shop_two/config/environment.rb": [
        null,
        1,
        null,
        null,
        1
      ],
      "/Users/thunderwolf/turing/mod2/projects/adopt_dont_shop_two/config/application.rb": [
        1,
        null,
        1,
        null,
        1,
        1,
        1,
        1,
        1,
        1,
        1,
        1,
        null,
        null,
        null,
        null,
        1,
        null,
        1,
        1,
        null,
        1,
        null,
        null,
        null,
        null,
        null,
        null,
        1,
        null,
        null
      ],
      "/Users/thunderwolf/turing/mod2/projects/adopt_dont_shop_two/config/boot.rb": [
        1,
        null,
        1
      ],
      "/Users/thunderwolf/turing/mod2/projects/adopt_dont_shop_two/config/environments/test.rb": [
        1,
        null,
        null,
        null,
        null,
        null,
        null,
        1,
        null,
        null,
        null,
        null,
        1,
        null,
        null,
        1,
        1,
        null,
        null,
        null,
        null,
        1,
        1,
        null,
        null,
        1,
        null,
        null,
        1,
        1,
        null,
        null,
        null,
        null,
        1,
        null,
        null,
        1,
        null,
        null,
        null,
        null
      ],
      "/Users/thunderwolf/turing/mod2/projects/adopt_dont_shop_two/config/initializers/application_controller_renderer.rb": [
        null,
        null,
        null,
        null,
        null,
        null,
        null,
        null
      ],
      "/Users/thunderwolf/turing/mod2/projects/adopt_dont_shop_two/config/initializers/assets.rb": [
        null,
        null,
        null,
        1,
        null,
        null,
        null,
        null,
        1,
        null,
        null,
        null,
        null,
        null
      ],
      "/Users/thunderwolf/turing/mod2/projects/adopt_dont_shop_two/config/initializers/backtrace_silencers.rb": [
        null,
        null,
        null,
        null,
        null,
        null,
        null
      ],
      "/Users/thunderwolf/turing/mod2/projects/adopt_dont_shop_two/config/initializers/cookies_serializer.rb": [
        null,
        null,
        null,
        null,
        1
      ],
      "/Users/thunderwolf/turing/mod2/projects/adopt_dont_shop_two/config/initializers/filter_parameter_logging.rb": [
        null,
        null,
        null,
        1
      ],
      "/Users/thunderwolf/turing/mod2/projects/adopt_dont_shop_two/config/initializers/inflections.rb": [
        null,
        null,
        null,
        null,
        null,
        null,
        null,
        null,
        null,
        null,
        null,
        null,
        null,
        null,
        null,
        null
      ],
      "/Users/thunderwolf/turing/mod2/projects/adopt_dont_shop_two/config/initializers/mime_types.rb": [
        null,
        null,
        null,
        null
      ],
      "/Users/thunderwolf/turing/mod2/projects/adopt_dont_shop_two/config/initializers/wrap_parameters.rb": [
        null,
        null,
        null,
        null,
        null,
        null,
        1,
        2,
        null,
        null,
        null,
        null,
        null,
        null
      ],
      "/Users/thunderwolf/turing/mod2/projects/adopt_dont_shop_two/config/routes.rb": [
        1,
        1,
        1,
        1,
        1,
        1,
        1,
        1,
        1,
        1,
        1,
        1,
        1,
        1,
        1,
        1,
        1,
        1,
        1,
        1,
        1,
        1,
        1,
        null,
        null
      ],
      "/Users/thunderwolf/turing/mod2/projects/adopt_dont_shop_two/app/helpers/application_helper.rb": [
        1,
        null
      ],
      "/Users/thunderwolf/turing/mod2/projects/adopt_dont_shop_two/spec/features/pets/edit_spec.rb": [
        1,
        null,
        1,
        1,
        1,
        1,
        1,
        null,
        null,
        null,
        null,
        null,
        null,
        1,
        null,
        null,
        null,
        null,
        null,
        null,
        null,
        1,
        null,
        1,
        null,
        1,
        null,
        1,
        1,
        1,
        1,
        1,
        1,
        null,
        null,
        1,
        1,
        1,
        1,
        1,
        1,
        null,
        null,
        null,
        null
      ],
      "/Users/thunderwolf/turing/mod2/projects/adopt_dont_shop_two/spec/features/pets/index_spec.rb": [
        1,
        null,
        1,
        1,
        2,
        null,
        null,
        null,
        null,
        null,
        2,
        null,
        null,
        null,
        null,
        null,
        2,
        null,
        null,
        null,
        null,
        null,
        null,
        null,
        null,
        1,
        null,
        1,
        1,
        1,
        1,
        1,
        1,
        1,
        1,
        1,
        null,
        null,
        1,
        null,
        1,
        null,
        1,
        1,
        1,
        1,
        1,
        1,
        1,
        1,
        null,
        null
      ],
      "/Users/thunderwolf/turing/mod2/projects/adopt_dont_shop_two/spec/features/pets/new_spec.rb": [
        null,
        1,
        null,
        1,
        1,
        1,
        null,
        null,
        null,
        null,
        null,
        null,
        1,
        1,
        1,
        1,
        1,
        null,
        null,
        1,
        null,
        1,
        1,
        1,
        1,
        1,
        null,
        null,
        1,
        null,
        1,
        null,
        1,
        1,
        1,
        1,
        1,
        null,
        null,
        null
      ],
      "/Users/thunderwolf/turing/mod2/projects/adopt_dont_shop_two/spec/features/pets/show_spec.rb": [
        1,
        null,
        1,
        1,
        1,
        1,
        null,
        null,
        null,
        null,
        null,
        1,
        null,
        null,
        null,
        null,
        null,
        null,
        1,
        null,
        null,
        null,
        null,
        null,
        null,
        null,
        null,
        1,
        null,
        1,
        1,
        1,
        1,
        1,
        1,
        null,
        1,
        1,
        1,
        1,
        null,
        null,
        null
      ],
      "/Users/thunderwolf/turing/mod2/projects/adopt_dont_shop_two/spec/features/reviews/edit_spec.rb": [
        1,
        null,
        1,
        1,
        1,
        2,
        null,
        null,
        null,
        null,
        2,
        null,
        1,
        1,
        null,
        1,
        null,
        1,
        null,
        1,
        1,
        1,
        null,
        1,
        null,
        1,
        1,
        1,
        1,
        null,
        1,
        null,
        1,
        null,
        1,
        null,
        1,
        null,
        1,
        1,
        null,
        1,
        null,
        1,
        null,
        1,
        null,
        1,
        null,
        null,
        null,
        null
      ],
      "/Users/thunderwolf/turing/mod2/projects/adopt_dont_shop_two/spec/features/reviews/new_spec.rb": [
        1,
        null,
        1,
        1,
        1,
        null,
        null,
        null,
        null,
        null,
        1,
        null,
        null,
        null,
        null,
        1,
        1,
        1,
        1,
        null,
        1,
        null,
        1,
        1,
        1,
        1,
        null,
        1,
        null,
        1,
        1,
        1,
        1,
        1,
        null,
        null
      ],
      "/Users/thunderwolf/turing/mod2/projects/adopt_dont_shop_two/spec/features/shelters/create_spec.rb": [
        1,
        null,
        1,
        1,
        1,
        null,
        1,
        1,
        null,
        1,
        null,
        1,
        null,
        1,
        1,
        1,
        1,
        1,
        1,
        null,
        1,
        1,
        null,
        null,
        null,
        null,
        null
      ],
      "/Users/thunderwolf/turing/mod2/projects/adopt_dont_shop_two/spec/features/shelters/delete_spec.rb": [
        1,
        null,
        1,
        1,
        1,
        null,
        null,
        null,
        null,
        null,
        null,
        1,
        null,
        1,
        null,
        1,
        1,
        1,
        1,
        1,
        1,
        1,
        null,
        null
      ],
      "/Users/thunderwolf/turing/mod2/projects/adopt_dont_shop_two/spec/features/shelters/edit_spec.rb": [
        1,
        null,
        1,
        1,
        1,
        1,
        1,
        null,
        null,
        1,
        null,
        1,
        null,
        1,
        null,
        1,
        1,
        1,
        1,
        1,
        1,
        null,
        1,
        1,
        1,
        1,
        1,
        1,
        null,
        null,
        null,
        null
      ],
      "/Users/thunderwolf/turing/mod2/projects/adopt_dont_shop_two/spec/features/shelters/index_spec.rb": [
        1,
        null,
        1,
        1,
        1,
        null,
        null,
        null,
        null,
        null,
        null,
        1,
        null,
        null,
        null,
        null,
        null,
        null,
        null,
        1,
        null,
        1,
        null,
        1,
        null,
        null,
        null
      ],
      "/Users/thunderwolf/turing/mod2/projects/adopt_dont_shop_two/spec/features/shelters/show_spec.rb": [
        1,
        null,
        1,
        1,
        1,
        2,
        null,
        null,
        null,
        1,
        null,
        null,
        1,
        null,
        1,
        1,
        1,
        1,
        1,
        null,
        null,
        1,
        1,
        null,
        null,
        1,
        null,
        null,
        1,
        null,
        1,
        1,
        1,
        1,
        null,
        1,
        1,
        1,
        null,
        null,
        null
      ],
      "/Users/thunderwolf/turing/mod2/projects/adopt_dont_shop_two/spec/models/pet_spec.rb": [
        1,
        null,
        1,
        1,
        2,
        2,
        2,
        2,
        2,
        2,
        null,
        null,
        1,
        2,
        null,
        null
      ],
      "/Users/thunderwolf/turing/mod2/projects/adopt_dont_shop_two/app/models/pet.rb": [
        1,
        1,
        1,
        null,
        1,
        null,
        1,
        6,
        null,
        null
      ],
      "/Users/thunderwolf/turing/mod2/projects/adopt_dont_shop_two/app/models/application_record.rb": [
        1,
        1,
        null
      ],
      "/Users/thunderwolf/turing/mod2/projects/adopt_dont_shop_two/spec/models/review_spec.rb": [
        1,
        null,
        1,
        1,
        2,
        2,
        2,
        2,
        null,
        null,
        1,
        2,
        null,
        null,
        null,
        null
      ],
      "/Users/thunderwolf/turing/mod2/projects/adopt_dont_shop_two/app/models/review.rb": [
        1,
        1,
        1,
        null,
        1,
        null
      ],
      "/Users/thunderwolf/turing/mod2/projects/adopt_dont_shop_two/spec/models/shelter_spec.rb": [
        1,
        null,
        1,
        1,
        2,
        null,
        null,
        1,
        2,
        null,
        null
      ],
      "/Users/thunderwolf/turing/mod2/projects/adopt_dont_shop_two/app/models/shelter.rb": [
        1,
        1,
        null,
        1,
        1,
        null
      ],
      "/Users/thunderwolf/turing/mod2/projects/adopt_dont_shop_two/app/controllers/pets_controller.rb": [
        1,
        null,
        1,
        6,
        2,
        2,
        null,
        4,
        null,
        null,
        null,
        1,
        2,
        null,
        null,
        1,
        1,
        null,
        null,
        1,
        1,
        null,
        null,
        1,
        1,
        1,
        1,
        1,
        null,
        null,
        1,
        1,
        1,
        1,
        null,
        null,
        1,
        1,
        1,
        1,
        1,
        null,
        null,
        1,
        null,
        1,
        2,
        null,
        null
      ],
      "/Users/thunderwolf/turing/mod2/projects/adopt_dont_shop_two/app/controllers/application_controller.rb": [
        1,
        1,
        null
      ],
      "/Users/thunderwolf/turing/mod2/projects/adopt_dont_shop_two/app/controllers/shelters_controller.rb": [
        1,
        null,
        1,
        7,
        null,
        null,
        1,
        6,
        null,
        null,
        1,
        null,
        null,
        1,
        1,
        null,
        null,
        1,
        1,
        1,
        1,
        null,
        null,
        1,
        1,
        1,
        1,
        null,
        null,
        null,
        1,
        1,
        1,
        1,
        1,
        null,
        null,
        1,
        1,
        2,
        null,
        null,
        null
      ],
      "/Users/thunderwolf/turing/mod2/projects/adopt_dont_shop_two/app/controllers/reviews_controller.rb": [
        1,
        null,
        1,
        1,
        null,
        null,
        1,
        1,
        1,
        1,
        null,
        1,
        null,
        null,
        1,
        3,
        3,
        null,
        null,
        1,
        2,
        2,
        2,
        2,
        1,
        1,
        null,
        1,
        1,
        null,
        null,
        null,
        1,
        1,
        3,
        null,
        null
      ]
    },
    "timestamp": 1575501846
  },
  "Unknown Test Framework": {
    "coverage": {
    },
    "timestamp": 1574613558
  }
}
